[debug] [2021-05-05T09:08:30.263Z] ----------------------------------------------------------------------
[debug] [2021-05-05T09:08:30.265Z] Command:       D:\Programmes\Node.js\node.exe C:\Users\Utilisateur\AppData\Roaming\npm\node_modules\firebase-tools\lib\bin\firebase.js init
[debug] [2021-05-05T09:08:30.265Z] CLI Version:   9.10.0
[debug] [2021-05-05T09:08:30.265Z] Platform:      win32
[debug] [2021-05-05T09:08:30.265Z] Node Version:  v15.14.0
[debug] [2021-05-05T09:08:30.266Z] Time:          Wed May 05 2021 11:08:30 GMT+0200 (heure d’été d’Europe centrale)
[debug] [2021-05-05T09:08:30.267Z] ----------------------------------------------------------------------
[debug] 
[debug] [2021-05-05T09:08:30.271Z] > command requires scopes: ["email","openid","https://www.googleapis.com/auth/cloudplatformprojects.readonly","https://www.googleapis.com/auth/firebase","https://www.googleapis.com/auth/cloud-platform"]
[debug] [2021-05-05T09:08:30.271Z] > authorizing via signed-in user (volozan.antoine@gmail.com)
[info] 
     ######## #### ########  ######## ########     ###     ######  ########
     ##        ##  ##     ## ##       ##     ##  ##   ##  ##       ##
     ######    ##  ########  ######   ########  #########  ######  ######
     ##        ##  ##    ##  ##       ##     ## ##     ##       ## ##
     ##       #### ##     ## ######## ########  ##     ##  ######  ########

You're about to initialize a Firebase project in this directory:

  D:\depotGITHUB\l3m-PI-client

Before we get started, keep in mind:

  * You are initializing in an existing Firebase project directory

[info] 
=== Project Setup
[info] 
[info] First, let's associate this project directory with a Firebase project.
[info] You can create multiple project aliases by running firebase use --add, 
[info] but for now we'll just set up a default project.
[info] 
[debug] [2021-05-05T09:08:47.866Z] > refreshing access token with scopes: []
[debug] [2021-05-05T09:08:47.866Z] >>> HTTP REQUEST POST https://www.googleapis.com/oauth2/v3/token  
 <request body omitted>
[debug] [2021-05-05T09:08:49.430Z] <<< HTTP RESPONSE 200 {"date":"Wed, 05 May 2021 09:08:47 GMT","pragma":"no-cache","cache-control":"no-cache, no-store, max-age=0, must-revalidate","expires":"Mon, 01 Jan 1990 00:00:00 GMT","content-type":"application/json; charset=utf-8","vary":"X-Origin, Referer, Origin,Accept-Encoding","server":"scaffolding on HTTPServer2","x-xss-protection":"0","x-frame-options":"SAMEORIGIN","x-content-type-options":"nosniff","alt-svc":"h3-29=\":443\"; ma=2592000,h3-T051=\":443\"; ma=2592000,h3-Q050=\":443\"; ma=2592000,h3-Q046=\":443\"; ma=2592000,h3-Q043=\":443\"; ma=2592000,quic=\":443\"; ma=2592000; v=\"46,43\"","accept-ranges":"none","transfer-encoding":"chunked"}
[debug] [2021-05-05T09:08:49.439Z] >>> [apiv2][query] GET https://firebase.googleapis.com/v1beta1/projects pageSize=100
[debug] [2021-05-05T09:08:51.032Z] <<< [apiv2][status] GET https://firebase.googleapis.com/v1beta1/projects 200
[debug] [2021-05-05T09:08:51.032Z] <<< [apiv2][body] GET https://firebase.googleapis.com/v1beta1/projects [omitted]
[info] i  Using project projet-integrateur-73792 (Projet integrateur) 
[info] 
=== Hosting Setup
[info] 
[info] Your public directory is the folder (relative to your project directory) that
[info] will contain Hosting assets to be uploaded with firebase deploy. If you
[info] have a build process for your assets, use your build's output directory.
[info] 
[debug] [2021-05-05T09:09:15.932Z] >>> [apiv2][query] GET https://www.gstatic.com/firebasejs/releases.json [none]
[debug] [2021-05-05T09:09:16.038Z] <<< [apiv2][status] GET https://www.gstatic.com/firebasejs/releases.json 200
[debug] [2021-05-05T09:09:16.038Z] <<< [apiv2][body] GET https://www.gstatic.com/firebasejs/releases.json {"current":{"version":"8.4.3","browserURL":"https://www.gstatic.com/firebasejs/8.4.3/firebase.js","packageURL":"https://www.gstatic.com/firebasejs/8.4.3/firebase.tgz"},"live":{"version":"8.4","browserURL":"https://www.gstatic.com/firebasejs/live/8.4/firebase.js","packageURL":"https://www.gstatic.com/firebasejs/live/8.4/firebase.tgz"},"components":{"analytics":"https://www.gstatic.com/firebasejs/8.4.3/firebase-analytics.js","app":"https://www.gstatic.com/firebasejs/8.4.3/firebase-app.js","auth":"https://www.gstatic.com/firebasejs/8.4.3/firebase-auth.js","database":"https://www.gstatic.com/firebasejs/8.4.3/firebase-database.js","firestore":"https://www.gstatic.com/firebasejs/8.4.3/firebase-firestore.js","functions":"https://www.gstatic.com/firebasejs/8.4.3/firebase-functions.js","installations":"https://www.gstatic.com/firebasejs/8.4.3/firebase-installations.js","messaging":"https://www.gstatic.com/firebasejs/8.4.3/firebase-messaging.js","storage":"https://www.gstatic.com/firebasejs/8.4.3/firebase-storage.js","performance":"https://www.gstatic.com/firebasejs/8.4.3/firebase-performance.js","remote-config":"https://www.gstatic.com/firebasejs/8.4.3/firebase-remote-config.js","firestore.memory":"https://www.gstatic.com/firebasejs/8.4.3/firebase-firestore.memory.js"}}
[info] +  Wrote /index.html 
[info] 
[info] i  Detected a .git folder at D:\depotGITHUB\l3m-PI-client 
[info] i  Authorizing with GitHub to upload your service account to a GitHub repository's secrets store. 
[info] 
[info] Visit this URL on this device to log in:
[info] https://github.com/login/oauth/authorize?client_id=89cf50f02ac6aaed3484&state=324150196&redirect_uri=http%3A%2F%2Flocalhost%3A9005&scope=read%3Auser%20repo%20public_repo
[info] 
[info] Waiting for authentication...
[debug] [2021-05-05T09:09:29.522Z] >>> HTTP REQUEST POST https://github.com/login/oauth/access_token  
 {"client_id":"89cf50f02ac6aaed3484","client_secret":"3330d14abc895d9a74d5f17cd7a00711fa2c5bf0","code":"c4ffb83cec3886a3315b","redirect_uri":"http://localhost:9005","state":"324150196"}
[debug] [2021-05-05T09:09:29.797Z] <<< HTTP RESPONSE 200 {"server":"GitHub.com","date":"Wed, 05 May 2021 09:09:27 GMT","content-type":"application/json; charset=utf-8","transfer-encoding":"chunked","vary":"X-PJAX, Accept-Encoding, Accept, X-Requested-With","permissions-policy":"interest-cohort=()","etag":"W/\"f6043570070fa9fcf269e9e2c543dba7\"","cache-control":"max-age=0, private, must-revalidate","strict-transport-security":"max-age=31536000; includeSubdomains; preload","x-frame-options":"deny","x-content-type-options":"nosniff","x-xss-protection":"0","referrer-policy":"origin-when-cross-origin, strict-origin-when-cross-origin","expect-ct":"max-age=2592000, report-uri=\"https://api.github.com/_private/browser/errors\"","content-security-policy":"default-src 'none'; base-uri 'self'; block-all-mixed-content; connect-src 'self' uploads.github.com www.githubstatus.com collector.githubapp.com api.github.com github-cloud.s3.amazonaws.com github-production-repository-file-5c1aeb.s3.amazonaws.com github-production-upload-manifest-file-7fdce7.s3.amazonaws.com github-production-user-asset-6210df.s3.amazonaws.com cdn.optimizely.com logx.optimizely.com/v1/events wss://alive.github.com; font-src github.githubassets.com; form-action 'self' github.com gist.github.com; frame-ancestors 'none'; frame-src render.githubusercontent.com; img-src 'self' data: github.githubassets.com identicons.github.com collector.githubapp.com github-cloud.s3.amazonaws.com secured-user-images.githubusercontent.com/ *.githubusercontent.com; manifest-src 'self'; media-src 'none'; script-src github.githubassets.com; style-src 'unsafe-inline' github.githubassets.com; worker-src github.com/socket-worker-3f088aa2.js gist.github.com/socket-worker-3f088aa2.js","x-github-request-id":"E9AD:44F8:8EFDEE:952FE0:609260C7"}
[debug] [2021-05-05T09:09:29.800Z] >>> [apiv2][query] GET https://api.github.com/user [none]
[debug] [2021-05-05T09:09:30.090Z] <<< [apiv2][status] GET https://api.github.com/user 200
[debug] [2021-05-05T09:09:30.091Z] <<< [apiv2][body] GET https://api.github.com/user {"login":"l3miage-volozana","id":74137436,"node_id":"MDQ6VXNlcjc0MTM3NDM2","avatar_url":"https://avatars.githubusercontent.com/u/74137436?v=4","gravatar_id":"","url":"https://api.github.com/users/l3miage-volozana","html_url":"https://github.com/l3miage-volozana","followers_url":"https://api.github.com/users/l3miage-volozana/followers","following_url":"https://api.github.com/users/l3miage-volozana/following{/other_user}","gists_url":"https://api.github.com/users/l3miage-volozana/gists{/gist_id}","starred_url":"https://api.github.com/users/l3miage-volozana/starred{/owner}{/repo}","subscriptions_url":"https://api.github.com/users/l3miage-volozana/subscriptions","organizations_url":"https://api.github.com/users/l3miage-volozana/orgs","repos_url":"https://api.github.com/users/l3miage-volozana/repos","events_url":"https://api.github.com/users/l3miage-volozana/events{/privacy}","received_events_url":"https://api.github.com/users/l3miage-volozana/received_events","type":"User","site_admin":false,"name":"l3miage-volozana","company":null,"blog":"","location":"France","email":null,"hireable":null,"bio":null,"twitter_username":null,"public_repos":2,"public_gists":0,"followers":0,"following":1,"created_at":"2020-11-08T11:21:30Z","updated_at":"2021-05-05T09:09:20Z","private_gists":0,"total_private_repos":2,"owned_private_repos":2,"disk_usage":1789,"collaborators":8,"two_factor_authentication":false,"plan":{"name":"free","space":976562499,"collaborators":0,"private_repos":10000}}
[info] 
[info] +  Success! Logged into GitHub as l3miage-volozana 
[info] 
